2025-05-02T20:33:49.296833Z DEBUG flox::config: reading raw config (initialized: false, reload: false)
2025-05-02T20:33:49.296899Z DEBUG flox::config: `$FLOX_CONFIG_DIR` set: /Users/zmitchell/.config/flox
2025-05-02T20:33:49.297133Z DEBUG flox: set _FLOX_PKGDB_VERBOSITY=2
2025-05-02T20:33:49.297656Z DEBUG flox::config: reading raw config (initialized: true, reload: false)
2025-05-02T20:33:49.297896Z DEBUG flox::commands: Skipping update check in development mode
2025-05-02T20:33:49.297975Z DEBUG flox::commands: Metrics collection disabled
2025-05-02T20:33:49.298036Z DEBUG flox::utils::init::catalog_client: using catalog client with url: https://api.flox.dev
2025-05-02T20:33:49.299757Z DEBUG flox::utils::init::metrics: Attempting to read own UUID from file
2025-05-02T20:33:49.299794Z DEBUG flox::commands: features enabled, build=true, publish=true, upload=false
2025-05-02T20:33:49.300089Z DEBUG check-upgrade: flox::utils::metrics: No metrics client setup, skipping record
2025-05-02T20:33:49.300272Z DEBUG check-upgrade: flox_rust_sdk::models::environment: detected concrete environment type: path
2025-05-02T20:33:49.300672Z DEBUG check-upgrade: flox_rust_sdk::providers::upgrade_checks: created unlocked upgrade information guard upgrade_information_path="/Users/zmitchell/src/tinkering.xyz/.flox/cache/upgrade-checks.json"
2025-05-02T20:33:49.300724Z DEBUG check-upgrade: flox_rust_sdk::providers::upgrade_checks: lock acquired upgrade_information_path="/Users/zmitchell/src/tinkering.xyz/.flox/cache/upgrade-checks.json"
2025-05-02T20:33:49.300763Z DEBUG check-upgrade:check-upgrade{progress="Performing dry upgrade"}: flox_rust_sdk::models::environment::core_environment: upgrading to_upgrade=""
2025-05-02T20:33:49.300828Z DEBUG check-upgrade:check-upgrade{progress="Performing dry upgrade"}: flox_rust_sdk::models::environment::core_environment: checking group membership for requested packages
2025-05-02T20:33:49.300837Z DEBUG check-upgrade:check-upgrade{progress="Performing dry upgrade"}: flox_rust_sdk::models::environment::core_environment: using catalog client to upgrade
2025-05-02T20:33:49.300841Z DEBUG check-upgrade:check-upgrade{progress="Performing dry upgrade"}: flox_rust_sdk::models::environment::core_environment: upgrading to_upgrade=""
2025-05-02T20:33:49.300991Z DEBUG check-upgrade:check-upgrade{progress="Performing dry upgrade"}:resolve_manifest{progress="Locking environment"}:resolve{progress="Resolving packages from catalog"}: flox_rust_sdk::providers::catalog: resolving package groups n_groups=1
2025-05-02T20:33:49.812163Z DEBUG check-upgrade:check-upgrade{progress="Performing dry upgrade"}:resolve_manifest{progress="Locking environment"}:resolve{progress="Resolving packages from catalog"}: flox_rust_sdk::providers::catalog: received resolved package groups n_groups=1
2025-05-02T20:33:49.812232Z DEBUG check-upgrade:check-upgrade{progress="Performing dry upgrade"}:resolve_manifest{progress="Locking environment"}: flox_rust_sdk::models::lockfile: no resolution failures detected
2025-05-02T20:33:49.863991Z DEBUG check-upgrade:check-upgrade{progress="Performing dry upgrade"}:build{progress="Building environment"}: flox_rust_sdk::providers::buildenv: using 'auto' store
2025-05-02T20:33:49.864022Z DEBUG check-upgrade:check-upgrade{progress="Performing dry upgrade"}:build{progress="Building environment"}: flox_rust_sdk::providers::buildenv: building environment cmd=/nix/store/2iz6z1ixp8fpc1zy449kfxa3m2vdis3s-nix-2.24.12/bin/nix --option extra-experimental-features 'nix-command flakes' --option pure-eval false --print-build-logs build --no-link --offline --json --file /nix/store/mfrjcn39frifmj7hg99ga48a7g84nxmk-flox-buildenv-0.0.1/lib/buildenv.nix --argstr manifestLock /Users/zmitchell/.cache/flox/process/.tmpTCviDU/.tmpTznm9D
2025-05-02T20:33:50.052505Z DEBUG check-upgrade: flox::commands::check_for_upgrades: Upgrading information with new result. diff={}
2025-05-02T20:33:50.052813Z DEBUG check-upgrade: flox_rust_sdk::providers::upgrade_checks: wrote upgrade information upgrade_information_path="/Users/zmitchell/src/tinkering.xyz/.flox/cache/upgrade-checks.json"
2025-05-02T20:33:50.053006Z DEBUG flox::utils::metrics: No metrics client setup, skipping flush
